0 info it worked if it ends with ok
1 verbose cli [ 'node', '/home/ubuntu/.linuxbrew/bin/npm', 'install' ]
2 info using npm@2.12.1
3 info using node@v0.12.7
4 verbose node symlink /home/ubuntu/.linuxbrew/bin/node
5 verbose readDependencies loading dependencies from /var/www/html/artistsite/package.json
6 error install Couldn't read dependencies
7 verbose stack Error: ENOENT, open '/var/www/html/artistsite/package.json'
7 verbose stack     at Error (native)
8 verbose cwd /var/www/html/artistsite
9 error Linux 3.19.0-15-generic
10 error argv "node" "/home/ubuntu/.linuxbrew/bin/npm" "install"
11 error node v0.12.7
12 error npm  v2.12.1
13 error path /var/www/html/artistsite/package.json
14 error code ENOPACKAGEJSON
15 error errno -2
16 error package.json ENOENT, open '/var/www/html/artistsite/package.json'
16 error package.json This is most likely not a problem with npm itself.
16 error package.json npm can't find a package.json file in your current directory.
17 verbose exit [ -2, true ]
